{"C:\\Users\\007vi\\OneDrive\\Desktop\\Namaste React\\src\\components\\Contact.js": {"path":"C:\\Users\\007vi\\OneDrive\\Desktop\\Namaste React\\src\\components\\Contact.js","statementMap":{"0":{"start":{"line":1,"column":16},"end":{"line":20,"column":1}},"1":{"start":{"line":2,"column":2},"end":{"line":19,"column":4}}},"fnMap":{"0":{"name":"(anonymous_0)","decl":{"start":{"line":1,"column":16},"end":{"line":1,"column":17}},"loc":{"start":{"line":1,"column":22},"end":{"line":20,"column":1}},"line":1}},"branchMap":{},"s":{"0":1,"1":4},"f":{"0":4},"b":{},"_coverageSchema":"1a1c01bbd47fc00a2c39e90264f33305004495a9","hash":"a9969b94c234727f458090283b8f3237443dfd45"}
,"C:\\Users\\007vi\\OneDrive\\Desktop\\Namaste React\\src\\components\\RestaurantCard.js": {"path":"C:\\Users\\007vi\\OneDrive\\Desktop\\Namaste React\\src\\components\\RestaurantCard.js","statementMap":{"0":{"start":{"line":5,"column":23},"end":{"line":33,"column":1}},"1":{"start":{"line":6,"column":22},"end":{"line":6,"column":27}},"2":{"start":{"line":15,"column":6},"end":{"line":15,"column":19}},"3":{"start":{"line":17,"column":27},"end":{"line":17,"column":50}},"4":{"start":{"line":19,"column":2},"end":{"line":32,"column":4}},"5":{"start":{"line":39,"column":33},"end":{"line":48,"column":1}},"6":{"start":{"line":40,"column":2},"end":{"line":47,"column":4}},"7":{"start":{"line":41,"column":4},"end":{"line":46,"column":6}}},"fnMap":{"0":{"name":"(anonymous_0)","decl":{"start":{"line":5,"column":23},"end":{"line":5,"column":24}},"loc":{"start":{"line":5,"column":34},"end":{"line":33,"column":1}},"line":5},"1":{"name":"(anonymous_1)","decl":{"start":{"line":39,"column":33},"end":{"line":39,"column":34}},"loc":{"start":{"line":39,"column":53},"end":{"line":48,"column":1}},"line":39},"2":{"name":"(anonymous_2)","decl":{"start":{"line":40,"column":9},"end":{"line":40,"column":10}},"loc":{"start":{"line":40,"column":15},"end":{"line":47,"column":3}},"line":40}},"branchMap":{},"s":{"0":1,"1":6,"2":5,"3":1,"4":1,"5":1,"6":0,"7":0},"f":{"0":6,"1":0,"2":0},"b":{},"_coverageSchema":"1a1c01bbd47fc00a2c39e90264f33305004495a9","hash":"12a7efb3ed6315739f12e41814062ea911a3d223"}
,"C:\\Users\\007vi\\OneDrive\\Desktop\\Namaste React\\src\\components\\minus.js": {"path":"C:\\Users\\007vi\\OneDrive\\Desktop\\Namaste React\\src\\components\\minus.js","statementMap":{"0":{"start":{"line":1,"column":21},"end":{"line":3,"column":1}},"1":{"start":{"line":2,"column":2},"end":{"line":2,"column":15}}},"fnMap":{"0":{"name":"(anonymous_0)","decl":{"start":{"line":1,"column":21},"end":{"line":1,"column":22}},"loc":{"start":{"line":1,"column":31},"end":{"line":3,"column":1}},"line":1}},"branchMap":{},"s":{"0":1,"1":1},"f":{"0":1},"b":{},"_coverageSchema":"1a1c01bbd47fc00a2c39e90264f33305004495a9","hash":"c1accf0573a380cd9a8186511c7c471c7bb0cafd"}
,"C:\\Users\\007vi\\OneDrive\\Desktop\\Namaste React\\src\\components\\sum.js": {"path":"C:\\Users\\007vi\\OneDrive\\Desktop\\Namaste React\\src\\components\\sum.js","statementMap":{"0":{"start":{"line":1,"column":19},"end":{"line":3,"column":1}},"1":{"start":{"line":2,"column":2},"end":{"line":2,"column":15}}},"fnMap":{"0":{"name":"(anonymous_0)","decl":{"start":{"line":1,"column":19},"end":{"line":1,"column":20}},"loc":{"start":{"line":1,"column":29},"end":{"line":3,"column":1}},"line":1}},"branchMap":{},"s":{"0":1,"1":1},"f":{"0":1},"b":{},"_coverageSchema":"1a1c01bbd47fc00a2c39e90264f33305004495a9","hash":"21b53edc5d49a7e940a96a440703bc799c6c09ba"}
,"C:\\Users\\007vi\\OneDrive\\Desktop\\Namaste React\\src\\utils\\UserContext.js": {"path":"C:\\Users\\007vi\\OneDrive\\Desktop\\Namaste React\\src\\utils\\UserContext.js","statementMap":{"0":{"start":{"line":3,"column":20},"end":{"line":5,"column":2}}},"fnMap":{},"branchMap":{},"s":{"0":1},"f":{},"b":{},"_coverageSchema":"1a1c01bbd47fc00a2c39e90264f33305004495a9","hash":"85675ae7374a0878e459dde1186e08a6f6276d61"}
,"C:\\Users\\007vi\\OneDrive\\Desktop\\Namaste React\\src\\utils\\constants.js": {"path":"C:\\Users\\007vi\\OneDrive\\Desktop\\Namaste React\\src\\utils\\constants.js","statementMap":{"0":{"start":{"line":2,"column":2},"end":{"line":2,"column":85}},"1":{"start":{"line":4,"column":2},"end":{"line":4,"column":237}},"2":{"start":{"line":7,"column":2},"end":{"line":7,"column":121}},"3":{"start":{"line":10,"column":2},"end":{"line":10,"column":136}}},"fnMap":{},"branchMap":{},"s":{"0":1,"1":1,"2":1,"3":1},"f":{},"b":{},"_coverageSchema":"1a1c01bbd47fc00a2c39e90264f33305004495a9","hash":"fbbacc20aca1b2ff9d2b7d79dd4a6c4785c77dbd"}
}
